[debug] [2023-12-04T23:15:45.627Z] ----------------------------------------------------------------------
[debug] [2023-12-04T23:15:45.631Z] Command:       C:\Program Files\nodejs\node.exe C:\Program Files\nodejs\node_modules\firebase-tools\lib\bin\firebase.js init
[debug] [2023-12-04T23:15:45.632Z] CLI Version:   12.9.1
[debug] [2023-12-04T23:15:45.633Z] Platform:      win32
[debug] [2023-12-04T23:15:45.633Z] Node Version:  v20.3.0
[debug] [2023-12-04T23:15:45.633Z] Time:          Tue Dec 05 2023 04:45:45 GMT+0530 (India Standard Time)
[debug] [2023-12-04T23:15:45.633Z] ----------------------------------------------------------------------
[debug] 
[debug] [2023-12-04T23:15:45.644Z] > command requires scopes: ["email","openid","https://www.googleapis.com/auth/cloudplatformprojects.readonly","https://www.googleapis.com/auth/firebase","https://www.googleapis.com/auth/cloud-platform"]
[debug] [2023-12-04T23:15:45.644Z] > authorizing via signed-in user (dishankkheni.dev@gmail.com)
[info] 
     ######## #### ########  ######## ########     ###     ######  ########
     ##        ##  ##     ## ##       ##     ##  ##   ##  ##       ##
     ######    ##  ########  ######   ########  #########  ######  ######
     ##        ##  ##    ##  ##       ##     ## ##     ##       ## ##
     ##       #### ##     ## ######## ########  ##     ##  ######  ########

You're about to initialize a Firebase project in this directory:

  C:\NodeJS_Project\Portfolio

Before we get started, keep in mind:

  * You are currently outside your home directory

[info] 
=== Project Setup
[info] 
[info] First, let's associate this project directory with a Firebase project.
[info] You can create multiple project aliases by running firebase use --add, 
[info] but for now we'll just set up a default project.
[info] 
[debug] [2023-12-04T23:16:06.996Z] >>> [apiv2][query] GET https://firebase.googleapis.com/v1beta1/projects pageSize=100
[debug] [2023-12-04T23:16:07.602Z] <<< [apiv2][status] GET https://firebase.googleapis.com/v1beta1/projects 200
[debug] [2023-12-04T23:16:07.602Z] <<< [apiv2][body] GET https://firebase.googleapis.com/v1beta1/projects [omitted]
[info] i  Using project portfolio-995a8 (portfolio) 
[info] 
=== Database Setup
[info] i  database: ensuring required API firebasedatabase.googleapis.com is enabled... 
[debug] [2023-12-04T23:16:09.314Z] >>> [apiv2][query] GET https://serviceusage.googleapis.com/v1/projects/portfolio-995a8/services/firebasedatabase.googleapis.com [none]
[debug] [2023-12-04T23:16:09.314Z] >>> [apiv2][(partial)header] GET https://serviceusage.googleapis.com/v1/projects/portfolio-995a8/services/firebasedatabase.googleapis.com x-goog-quota-user=projects/portfolio-995a8
[debug] [2023-12-04T23:16:10.361Z] <<< [apiv2][status] GET https://serviceusage.googleapis.com/v1/projects/portfolio-995a8/services/firebasedatabase.googleapis.com 200
[debug] [2023-12-04T23:16:10.361Z] <<< [apiv2][body] GET https://serviceusage.googleapis.com/v1/projects/portfolio-995a8/services/firebasedatabase.googleapis.com [omitted]
[info] +  database: required API firebasedatabase.googleapis.com is enabled 
[info] 
[debug] [2023-12-04T23:16:10.362Z] >>> [apiv2][query] GET https://firebasedatabase.googleapis.com/v1beta/projects/portfolio-995a8/locations/-/instances/portfolio-995a8-default-rtdb [none]
[debug] [2023-12-04T23:16:11.180Z] <<< [apiv2][status] GET https://firebasedatabase.googleapis.com/v1beta/projects/portfolio-995a8/locations/-/instances/portfolio-995a8-default-rtdb 200
[debug] [2023-12-04T23:16:11.180Z] <<< [apiv2][body] GET https://firebasedatabase.googleapis.com/v1beta/projects/portfolio-995a8/locations/-/instances/portfolio-995a8-default-rtdb {"name":"projects/903791783692/locations/europe-west1/instances/portfolio-995a8-default-rtdb","project":"projects/903791783692","databaseUrl":"https://portfolio-995a8-default-rtdb.europe-west1.firebasedatabase.app","type":"DEFAULT_DATABASE","state":"ACTIVE"}
[info] 
[info] Firebase Realtime Database Security Rules allow you to define how your data should be
[info] structured and when your data can be read from and written to.
[info] 
[debug] [2023-12-04T23:16:20.637Z] >>> [apiv2][query] GET https://portfolio-995a8-default-rtdb.europe-west1.firebasedatabase.app/.settings/rules.json [none]
[debug] [2023-12-04T23:16:20.736Z] <<< [apiv2][status] GET https://portfolio-995a8-default-rtdb.europe-west1.firebasedatabase.app/.settings/rules.json 200
[debug] [2023-12-04T23:16:20.736Z] <<< [apiv2][body] GET https://portfolio-995a8-default-rtdb.europe-west1.firebasedatabase.app/.settings/rules.json [stream]
[info] +  Database Rules for portfolio-995a8-default-rtdb have been written to json. 
[info] Future modifications to json will update Realtime Database Security Rules when you run
[info] firebase deploy.
[info] 
=== Firestore Setup
[debug] [2023-12-04T23:16:20.741Z] >>> [apiv2][query] GET https://serviceusage.googleapis.com/v1/projects/portfolio-995a8/services/firestore.googleapis.com [none]
[debug] [2023-12-04T23:16:20.741Z] >>> [apiv2][(partial)header] GET https://serviceusage.googleapis.com/v1/projects/portfolio-995a8/services/firestore.googleapis.com x-goog-quota-user=projects/portfolio-995a8
[debug] [2023-12-04T23:16:21.726Z] <<< [apiv2][status] GET https://serviceusage.googleapis.com/v1/projects/portfolio-995a8/services/firestore.googleapis.com 200
[debug] [2023-12-04T23:16:21.726Z] <<< [apiv2][body] GET https://serviceusage.googleapis.com/v1/projects/portfolio-995a8/services/firestore.googleapis.com [omitted]
[debug] [2023-12-04T23:16:21.726Z] >>> [apiv2][query] GET https://firestore.googleapis.com/v1/projects/portfolio-995a8/databases/(default) [none]
[debug] [2023-12-04T23:16:21.885Z] <<< [apiv2][status] GET https://firestore.googleapis.com/v1/projects/portfolio-995a8/databases/(default) 200
[debug] [2023-12-04T23:16:21.885Z] <<< [apiv2][body] GET https://firestore.googleapis.com/v1/projects/portfolio-995a8/databases/(default) {"name":"projects/portfolio-995a8/databases/(default)","uid":"a51e3e4e-cd33-4c59-a253-f2d3cebff2ed","createTime":"2023-12-04T23:15:21.671360Z","updateTime":"2023-12-04T23:15:21.671360Z","locationId":"eur3","type":"FIRESTORE_NATIVE","concurrencyMode":"PESSIMISTIC","versionRetentionPeriod":"3600s","earliestVersionTime":"2023-12-04T23:15:21.671360Z","appEngineIntegrationMode":"DISABLED","keyPrefix":"e","pointInTimeRecoveryEnablement":"POINT_IN_TIME_RECOVERY_DISABLED","deleteProtectionState":"DELETE_PROTECTION_DISABLED","etag":"ILq5/PL09oIDMMDll9b09oID"}
[debug] [2023-12-04T23:16:21.885Z] database_type: FIRESTORE_NATIVE
[debug] [2023-12-04T23:16:21.886Z] > command requires scopes: ["email","openid","https://www.googleapis.com/auth/cloudplatformprojects.readonly","https://www.googleapis.com/auth/firebase","https://www.googleapis.com/auth/cloud-platform"]
[debug] [2023-12-04T23:16:21.886Z] > authorizing via signed-in user (dishankkheni.dev@gmail.com)
[debug] [2023-12-04T23:16:21.886Z] [iam] checking project portfolio-995a8 for permissions ["firebase.projects.get"]
[debug] [2023-12-04T23:16:21.887Z] >>> [apiv2][query] POST https://cloudresourcemanager.googleapis.com/v1/projects/portfolio-995a8:testIamPermissions [none]
[debug] [2023-12-04T23:16:21.887Z] >>> [apiv2][(partial)header] POST https://cloudresourcemanager.googleapis.com/v1/projects/portfolio-995a8:testIamPermissions x-goog-quota-user=projects/portfolio-995a8
[debug] [2023-12-04T23:16:21.887Z] >>> [apiv2][body] POST https://cloudresourcemanager.googleapis.com/v1/projects/portfolio-995a8:testIamPermissions {"permissions":["firebase.projects.get"]}
[debug] [2023-12-04T23:16:22.735Z] <<< [apiv2][status] POST https://cloudresourcemanager.googleapis.com/v1/projects/portfolio-995a8:testIamPermissions 200
[debug] [2023-12-04T23:16:22.735Z] <<< [apiv2][body] POST https://cloudresourcemanager.googleapis.com/v1/projects/portfolio-995a8:testIamPermissions {"permissions":["firebase.projects.get"]}
[info] 
[info] Firestore Security Rules allow you to define how and when to allow
[info] requests. You can keep these rules in your project directory
[info] and publish them with firebase deploy.
[info] 
[debug] [2023-12-04T23:16:35.680Z] >>> [apiv2][query] GET https://firebaserules.googleapis.com/v1/projects/portfolio-995a8/releases pageSize=10&pageToken=
[debug] [2023-12-04T23:16:36.520Z] <<< [apiv2][status] GET https://firebaserules.googleapis.com/v1/projects/portfolio-995a8/releases 200
[debug] [2023-12-04T23:16:36.520Z] <<< [apiv2][body] GET https://firebaserules.googleapis.com/v1/projects/portfolio-995a8/releases {"releases":[{"name":"projects/portfolio-995a8/releases/cloud.firestore","rulesetName":"projects/portfolio-995a8/rulesets/55e9ab07-8d1f-47b5-862b-79fdbedeaf76","createTime":"2023-12-04T23:15:24.897084Z","updateTime":"2023-12-04T23:15:24.897084Z"}]}
[debug] [2023-12-04T23:16:36.521Z] Found ruleset: projects/portfolio-995a8/rulesets/55e9ab07-8d1f-47b5-862b-79fdbedeaf76
[debug] [2023-12-04T23:16:36.521Z] >>> [apiv2][query] GET https://firebaserules.googleapis.com/v1/projects/portfolio-995a8/rulesets/55e9ab07-8d1f-47b5-862b-79fdbedeaf76 [none]
[debug] [2023-12-04T23:16:37.290Z] <<< [apiv2][status] GET https://firebaserules.googleapis.com/v1/projects/portfolio-995a8/rulesets/55e9ab07-8d1f-47b5-862b-79fdbedeaf76 200
[debug] [2023-12-04T23:16:37.290Z] <<< [apiv2][body] GET https://firebaserules.googleapis.com/v1/projects/portfolio-995a8/rulesets/55e9ab07-8d1f-47b5-862b-79fdbedeaf76 [omitted]
[info] 
[info] Firestore indexes allow you to perform complex queries while
[info] maintaining performance that scales with the size of the result
[info] set. You can keep index definitions in your project directory
[info] and publish them with firebase deploy.
[info] 
[debug] [2023-12-04T23:16:53.827Z] >>> [apiv2][query] GET https://firestore.googleapis.com/v1/projects/portfolio-995a8/databases/(default)/collectionGroups/-/indexes [none]
[debug] [2023-12-04T23:16:53.829Z] >>> [apiv2][query] GET https://firestore.googleapis.com/v1/projects/portfolio-995a8/databases/(default)/collectionGroups/-/fields?filter=indexConfig.usesAncestorConfig=false OR ttlConfig:* [none]
[debug] [2023-12-04T23:16:54.010Z] <<< [apiv2][status] GET https://firestore.googleapis.com/v1/projects/portfolio-995a8/databases/(default)/collectionGroups/-/indexes 200
[debug] [2023-12-04T23:16:54.010Z] <<< [apiv2][body] GET https://firestore.googleapis.com/v1/projects/portfolio-995a8/databases/(default)/collectionGroups/-/indexes {}
[debug] [2023-12-04T23:16:54.444Z] <<< [apiv2][status] GET https://firestore.googleapis.com/v1/projects/portfolio-995a8/databases/(default)/collectionGroups/-/fields?filter=indexConfig.usesAncestorConfig=false OR ttlConfig:* 200
[debug] [2023-12-04T23:16:54.444Z] <<< [apiv2][body] GET https://firestore.googleapis.com/v1/projects/portfolio-995a8/databases/(default)/collectionGroups/-/fields?filter=indexConfig.usesAncestorConfig=false OR ttlConfig:* {"fields":[{"name":"projects/portfolio-995a8/databases/(default)/collectionGroups/__default__/fields/*","indexConfig":{"indexes":[{"queryScope":"COLLECTION","fields":[{"fieldPath":"*","order":"ASCENDING"}],"state":"READY"},{"queryScope":"COLLECTION","fields":[{"fieldPath":"*","order":"DESCENDING"}],"state":"READY"},{"queryScope":"COLLECTION","fields":[{"fieldPath":"*","arrayConfig":"CONTAINS"}],"state":"READY"}]}}]}
[info] 
=== Functions Setup
[debug] [2023-12-04T23:16:54.447Z] > command requires scopes: ["email","openid","https://www.googleapis.com/auth/cloudplatformprojects.readonly","https://www.googleapis.com/auth/firebase","https://www.googleapis.com/auth/cloud-platform"]
[debug] [2023-12-04T23:16:54.448Z] > authorizing via signed-in user (dishankkheni.dev@gmail.com)
[debug] [2023-12-04T23:16:54.448Z] [iam] checking project portfolio-995a8 for permissions ["firebase.projects.get"]
[debug] [2023-12-04T23:16:54.448Z] >>> [apiv2][query] POST https://cloudresourcemanager.googleapis.com/v1/projects/portfolio-995a8:testIamPermissions [none]
[debug] [2023-12-04T23:16:54.448Z] >>> [apiv2][(partial)header] POST https://cloudresourcemanager.googleapis.com/v1/projects/portfolio-995a8:testIamPermissions x-goog-quota-user=projects/portfolio-995a8
[debug] [2023-12-04T23:16:54.448Z] >>> [apiv2][body] POST https://cloudresourcemanager.googleapis.com/v1/projects/portfolio-995a8:testIamPermissions {"permissions":["firebase.projects.get"]}
[debug] [2023-12-04T23:16:55.195Z] <<< [apiv2][status] POST https://cloudresourcemanager.googleapis.com/v1/projects/portfolio-995a8:testIamPermissions 200
[debug] [2023-12-04T23:16:55.195Z] <<< [apiv2][body] POST https://cloudresourcemanager.googleapis.com/v1/projects/portfolio-995a8:testIamPermissions {"permissions":["firebase.projects.get"]}
[debug] [2023-12-04T23:16:55.195Z] >>> [apiv2][query] GET https://serviceusage.googleapis.com/v1/projects/portfolio-995a8/services/cloudfunctions.googleapis.com [none]
[debug] [2023-12-04T23:16:55.195Z] >>> [apiv2][(partial)header] GET https://serviceusage.googleapis.com/v1/projects/portfolio-995a8/services/cloudfunctions.googleapis.com x-goog-quota-user=projects/portfolio-995a8
[debug] [2023-12-04T23:16:55.198Z] >>> [apiv2][query] GET https://serviceusage.googleapis.com/v1/projects/portfolio-995a8/services/runtimeconfig.googleapis.com [none]
[debug] [2023-12-04T23:16:55.198Z] >>> [apiv2][(partial)header] GET https://serviceusage.googleapis.com/v1/projects/portfolio-995a8/services/runtimeconfig.googleapis.com x-goog-quota-user=projects/portfolio-995a8
[debug] [2023-12-04T23:16:56.149Z] <<< [apiv2][status] GET https://serviceusage.googleapis.com/v1/projects/portfolio-995a8/services/runtimeconfig.googleapis.com 200
[debug] [2023-12-04T23:16:56.149Z] <<< [apiv2][body] GET https://serviceusage.googleapis.com/v1/projects/portfolio-995a8/services/runtimeconfig.googleapis.com [omitted]
[debug] [2023-12-04T23:16:56.174Z] <<< [apiv2][status] GET https://serviceusage.googleapis.com/v1/projects/portfolio-995a8/services/cloudfunctions.googleapis.com 200
[debug] [2023-12-04T23:16:56.175Z] <<< [apiv2][body] GET https://serviceusage.googleapis.com/v1/projects/portfolio-995a8/services/cloudfunctions.googleapis.com [omitted]
[debug] [2023-12-04T23:16:56.175Z] >>> [apiv2][query] POST https://serviceusage.googleapis.com/v1/projects/portfolio-995a8/services/cloudfunctions.googleapis.com:enable [none]
[debug] [2023-12-04T23:16:56.175Z] >>> [apiv2][(partial)header] POST https://serviceusage.googleapis.com/v1/projects/portfolio-995a8/services/cloudfunctions.googleapis.com:enable x-goog-quota-user=projects/portfolio-995a8
[debug] [2023-12-04T23:16:58.163Z] <<< [apiv2][status] POST https://serviceusage.googleapis.com/v1/projects/portfolio-995a8/services/cloudfunctions.googleapis.com:enable 200
[debug] [2023-12-04T23:16:58.164Z] <<< [apiv2][body] POST https://serviceusage.googleapis.com/v1/projects/portfolio-995a8/services/cloudfunctions.googleapis.com:enable [omitted]
[debug] [2023-12-04T23:17:08.172Z] >>> [apiv2][query] GET https://serviceusage.googleapis.com/v1/projects/portfolio-995a8/services/cloudfunctions.googleapis.com [none]
[debug] [2023-12-04T23:17:08.173Z] >>> [apiv2][(partial)header] GET https://serviceusage.googleapis.com/v1/projects/portfolio-995a8/services/cloudfunctions.googleapis.com x-goog-quota-user=projects/portfolio-995a8
[debug] [2023-12-04T23:17:09.248Z] <<< [apiv2][status] GET https://serviceusage.googleapis.com/v1/projects/portfolio-995a8/services/cloudfunctions.googleapis.com 200
[debug] [2023-12-04T23:17:09.248Z] <<< [apiv2][body] GET https://serviceusage.googleapis.com/v1/projects/portfolio-995a8/services/cloudfunctions.googleapis.com [omitted]
[info] Let's create a new codebase for your functions.
[info] A directory corresponding to the codebase will be created in your project
[info] with sample code pre-configured.

[info] See https://firebase.google.com/docs/functions/organize-functions for
[info] more information on organizing your functions using codebases.

[info] Functions can be deployed with firebase deploy.

[info] +  Wrote functions/package.json 
[info] +  Wrote functions/.eslintrc.js 
[info] +  Wrote functions/index.js 
[info] +  Wrote functions/.gitignore 
[info] 
=== Hosting Setup
[debug] [2023-12-04T23:18:09.207Z] >>> [apiv2][query] GET https://firebase.googleapis.com/v1beta1/projects/portfolio-995a8 [none]
[debug] [2023-12-04T23:18:09.516Z] <<< [apiv2][status] GET https://firebase.googleapis.com/v1beta1/projects/portfolio-995a8 200
[debug] [2023-12-04T23:18:09.516Z] <<< [apiv2][body] GET https://firebase.googleapis.com/v1beta1/projects/portfolio-995a8 {"projectId":"portfolio-995a8","projectNumber":"903791783692","displayName":"portfolio","name":"projects/portfolio-995a8","resources":{"hostingSite":"portfolio-995a8","realtimeDatabaseInstance":"portfolio-995a8-default-rtdb"},"state":"ACTIVE","etag":"1_aa9077d4-c848-4b9a-902e-149287912fbd"}
[info] 
[info] Your public directory is the folder (relative to your project directory) that
[info] will contain Hosting assets to be uploaded with firebase deploy. If you
[info] have a build process for your assets, use your build's output directory.
[info] 
[info] +  Wrote public/404.html 
[debug] [2023-12-04T23:18:48.882Z] >>> [apiv2][query] GET https://www.gstatic.com/firebasejs/releases.json [none]
[debug] [2023-12-04T23:18:49.017Z] <<< [apiv2][status] GET https://www.gstatic.com/firebasejs/releases.json 200
[debug] [2023-12-04T23:18:49.017Z] <<< [apiv2][body] GET https://www.gstatic.com/firebasejs/releases.json {"current":{"version":"10.7.0","browserURL":"https://www.gstatic.com/firebasejs/10.7.0/firebase.js","packageURL":"https://www.gstatic.com/firebasejs/10.7.0/firebase.tgz"},"live":{"version":"10.7","browserURL":"https://www.gstatic.com/firebasejs/live/10.7/firebase.js","packageURL":"https://www.gstatic.com/firebasejs/live/10.7/firebase.tgz"},"components":{"analytics":"https://www.gstatic.com/firebasejs/10.7.0/firebase-analytics.js","app":"https://www.gstatic.com/firebasejs/10.7.0/firebase-app.js","app-check":"https://www.gstatic.com/firebasejs/10.7.0/firebase-app-check.js","auth":"https://www.gstatic.com/firebasejs/10.7.0/firebase-auth.js","auth/cordova":"https://www.gstatic.com/firebasejs/10.7.0/firebase-auth/cordova.js","functions":"https://www.gstatic.com/firebasejs/10.7.0/firebase-functions.js","firestore":"https://www.gstatic.com/firebasejs/10.7.0/firebase-firestore.js","firestore/lite":"https://www.gstatic.com/firebasejs/10.7.0/firebase-firestore/lite.js","installations":"https://www.gstatic.com/firebasejs/10.7.0/firebase-installations.js","storage":"https://www.gstatic.com/firebasejs/10.7.0/firebase-storage.js","performance":"https://www.gstatic.com/firebasejs/10.7.0/firebase-performance.js","remote-config":"https://www.gstatic.com/firebasejs/10.7.0/firebase-remote-config.js","messaging":"https://www.gstatic.com/firebasejs/10.7.0/firebase-messaging.js","messaging/sw":"https://www.gstatic.com/firebasejs/10.7.0/firebase-messaging/sw.js","database":"https://www.gstatic.com/firebasejs/10.7.0/firebase-database.js","firestore.memory":"https://www.gstatic.com/firebasejs/10.7.0/firebase-firestore.memory.js"}}
[info] i  Skipping write of public/index.html 
[info] 
[info] i  Detected a .git folder at C:\NodeJS_Project\Portfolio 
[info] i  Authorizing with GitHub to upload your service account to a GitHub repository's secrets store. 
[info] 
[info] Visit this URL on this device to log in:
[info] https://github.com/login/oauth/authorize?client_id=89cf50f02ac6aaed3484&state=244022415&redirect_uri=http%3A%2F%2Flocalhost%3A9005&scope=read%3Auser%20repo%20public_repo
[info] 
[info] Waiting for authentication...
[debug] [2023-12-04T23:19:21.530Z] >>> [apiv2][query] POST https://github.com/login/oauth/access_token [none]
[debug] [2023-12-04T23:19:21.530Z] >>> [apiv2][body] POST https://github.com/login/oauth/access_token [stream]
[debug] [2023-12-04T23:19:21.863Z] <<< [apiv2][status] POST https://github.com/login/oauth/access_token 200
[debug] [2023-12-04T23:19:21.863Z] <<< [apiv2][body] POST https://github.com/login/oauth/access_token {"access_token":"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","token_type":"bearer","scope":"read:user,repo"}
[debug] [2023-12-04T23:19:21.894Z] >>> [apiv2][query] GET https://api.github.com/user [none]
[debug] [2023-12-04T23:19:22.171Z] <<< [apiv2][status] GET https://api.github.com/user 200
[debug] [2023-12-04T23:19:22.171Z] <<< [apiv2][body] GET https://api.github.com/user {"login":"Dishank-Kheni","id":123155452,"node_id":"U_kgDOB1cz_A","avatar_url":"https://avatars.githubusercontent.com/u/123155452?v=4","gravatar_id":"","url":"https://api.github.com/users/Dishank-Kheni","html_url":"https://github.com/Dishank-Kheni","followers_url":"https://api.github.com/users/Dishank-Kheni/followers","following_url":"https://api.github.com/users/Dishank-Kheni/following{/other_user}","gists_url":"https://api.github.com/users/Dishank-Kheni/gists{/gist_id}","starred_url":"https://api.github.com/users/Dishank-Kheni/starred{/owner}{/repo}","subscriptions_url":"https://api.github.com/users/Dishank-Kheni/subscriptions","organizations_url":"https://api.github.com/users/Dishank-Kheni/orgs","repos_url":"https://api.github.com/users/Dishank-Kheni/repos","events_url":"https://api.github.com/users/Dishank-Kheni/events{/privacy}","received_events_url":"https://api.github.com/users/Dishank-Kheni/received_events","type":"User","site_admin":false,"name":"Dishan Kheni","company":null,"blog":"","location":"Berlin, Germany","email":null,"hireable":null,"bio":"Way to create something wonderful!!! ","twitter_username":"KheniDishank","public_repos":7,"public_gists":0,"followers":2,"following":13,"created_at":"2023-01-20T08:37:47Z","updated_at":"2023-12-04T23:19:20Z","private_gists":0,"total_private_repos":3,"owned_private_repos":3,"disk_usage":261447,"collaborators":1,"two_factor_authentication":false,"plan":{"name":"free","space":976562499,"collaborators":0,"private_repos":10000}}
[info] 
[info] +  Success! Logged into GitHub as Dishank-Kheni 
[info] 
